<?xml version="1.0" encoding="UTF-8"?>
<!-- Generated by org.testng.reporters.JUnitXMLReporter -->
<testsuite ignored="0" hostname="LAPTOP-2QP8EQBC" failures="1" tests="4" name="Test" time="9.833" errors="0" timestamp="2021-11-05T10:46:57 CDT">
  <testcase classname="loginTest.LoginPositiveTest" name="positiveLoginTest" time="1.489">
    <failure type="java.lang.AssertionError" message="expected [] but found [A Product of Bost IT Solution - Inventory1]">
      <![CDATA[java.lang.AssertionError: expected [] but found [A Product of Bost IT Solution - Inventory1]
at loginTest.LoginPositiveTest.positiveLoginTest(LoginPositiveTest.java:30)
at java.base/java.util.ArrayList.forEach(ArrayList.java:1511)
... Removed 32 stack frames]]>
    </failure>
  </testcase> <!-- positiveLoginTest -->
  <testcase classname="loginTest.LoginNegativeTest" name="invalidLoginTest" time="0.203"/>
  <testcase classname="loginTest.LoginNegativeTest" name="invalidPasswordTest" time="0.819"/>
  <testcase classname="loginTest.LoginNegativeTest" name="invalidUserNameTest" time="0.8"/>
</testsuite> <!-- Test -->
