<?xml version="1.0" encoding="UTF-8"?>
<!-- Generated by org.testng.reporters.JUnitXMLReporter -->
<testsuite ignored="0" hostname="LAPTOP-2QP8EQBC" failures="0" tests="3" name="Test2" time="5.12" errors="0" timestamp="2021-11-04T10:49:46 CDT">
  <testcase classname="loginTest.LoginNegativeTest" name="invalidLoginTest" time="0.405"/>
  <testcase classname="loginTest.LoginNegativeTest" name="invalidPasswordTest" time="1.384"/>
  <testcase classname="loginTest.LoginNegativeTest" name="invalidUserNameTest" time="1.033"/>
</testsuite> <!-- Test2 -->
